<?xml version="1.0" encoding="UTF-8"?>
<!-- Generated by org.testng.reporters.JUnitReportReporter -->
<testsuite name="amazon.Login2" tests="1" time="51.862" ignored="0" failures="0" timestamp="05 Oct 2019 12:12:39 GMT" skipped="0" hostname="ETVL114568" errors="0">
  <testcase name="test" time="51.862" classname="amazon.Login2"/>
</testsuite> <!-- amazon.Login2 -->
