<?xml version="1.0" encoding="UTF-8"?>
<!-- Generated by org.testng.reporters.JUnitReportReporter -->
<testsuite name="com.ecom.amazon.TestSteps.Login2" tests="1" time="4.015" ignored="0" failures="0" timestamp="06 Oct 2019 08:11:20 GMT" skipped="0" hostname="ETVL114568" errors="0">
  <testcase name="test" time="4.015" classname="com.ecom.amazon.TestSteps.Login2"/>
</testsuite> <!-- com.ecom.amazon.TestSteps.Login2 -->
