<?xml version="1.0" encoding="UTF-8"?>
<!-- Generated by org.testng.reporters.JUnitReportReporter -->
<testsuite name="com.ecom.amazon.TestSteps.SignInScreenTestSteps" tests="10" time="92.455" ignored="0" failures="0" timestamp="09 Oct 2019 11:55:04 GMT" skipped="0" hostname="ETVL114568" errors="0">
  <testcase name="VerifyProduct" time="0.662" classname="com.ecom.amazon.TestSteps.SignInScreenTestSteps"/>
  <testcase name="ClickOnNoThanksButton" time="4.179" classname="com.ecom.amazon.TestSteps.SignInScreenTestSteps"/>
  <testcase name="ScrollAndSelectProduct" time="12.585" classname="com.ecom.amazon.TestSteps.SignInScreenTestSteps"/>
  <testcase name="EnterUserName" time="13.346" classname="com.ecom.amazon.TestSteps.SignInScreenTestSteps"/>
  <testcase name="EnterPassword" time="8.383" classname="com.ecom.amazon.TestSteps.SignInScreenTestSteps"/>
  <testcase name="ProductSearch" time="4.421" classname="com.ecom.amazon.TestSteps.SignInScreenTestSteps"/>
  <testcase name="SwipeAndClickOnBuyNow" time="38.774" classname="com.ecom.amazon.TestSteps.SignInScreenTestSteps"/>
  <testcase name="TapOnSkipButton" time="4.649" classname="com.ecom.amazon.TestSteps.SignInScreenTestSteps"/>
  <testcase name="ClickOnContinueButton" time="0.912" classname="com.ecom.amazon.TestSteps.SignInScreenTestSteps"/>
  <testcase name="ClickOnLoginButton" time="4.544" classname="com.ecom.amazon.TestSteps.SignInScreenTestSteps"/>
</testsuite> <!-- com.ecom.amazon.TestSteps.SignInScreenTestSteps -->
