<?xml version="1.0" encoding="UTF-8"?>
<!-- Generated by org.testng.reporters.JUnitReportReporter -->
<testsuite name="com.ecom.amazon.TestSteps.SignInScreenTestSteps" tests="10" time="90.906" ignored="0" failures="0" timestamp="09 Oct 2019 14:35:51 GMT" skipped="0" hostname="ETVL114568" errors="0">
  <testcase name="EnterUserName" time="12.869" classname="com.ecom.amazon.TestSteps.SignInScreenTestSteps"/>
  <testcase name="VerifyProduct" time="1.109" classname="com.ecom.amazon.TestSteps.SignInScreenTestSteps"/>
  <testcase name="ClickOnNoThanksButton" time="3.947" classname="com.ecom.amazon.TestSteps.SignInScreenTestSteps"/>
  <testcase name="ScrollAndSelectProduct" time="13.382" classname="com.ecom.amazon.TestSteps.SignInScreenTestSteps"/>
  <testcase name="TapOnSkipButton" time="4.620" classname="com.ecom.amazon.TestSteps.SignInScreenTestSteps"/>
  <testcase name="SwipeAndClickOnBuyNow" time="35.107" classname="com.ecom.amazon.TestSteps.SignInScreenTestSteps"/>
  <testcase name="ClickOnLoginButton" time="5.174" classname="com.ecom.amazon.TestSteps.SignInScreenTestSteps"/>
  <testcase name="EnterPassword" time="7.898" classname="com.ecom.amazon.TestSteps.SignInScreenTestSteps"/>
  <testcase name="ProductSearch" time="5.934" classname="com.ecom.amazon.TestSteps.SignInScreenTestSteps"/>
  <testcase name="ClickOnContinueButton" time="0.866" classname="com.ecom.amazon.TestSteps.SignInScreenTestSteps"/>
</testsuite> <!-- com.ecom.amazon.TestSteps.SignInScreenTestSteps -->
